# JRE version: OpenJDK Runtime Environment (7.0_95) (build 1.7.0_95-b00)
# Java VM: OpenJDK Server VM (24.95-b01 mixed mode linux-x86 )
Heap
 PSYoungGen      total 133120K, used 104005K [0x9e980000, 0xa8b00000, 0xb3240000)
  eden space 114688K, 74% used [0x9e980000,0xa3d14068,0xa5980000)
  from space 18432K, 99% used [0xa7000000,0xa81fd6e8,0xa8200000)
  to   space 23040K, 0% used [0xa5980000,0xa5980000,0xa7000000)
 ParOldGen       total 41984K, used 27497K [0x75840000, 0x78140000, 0x9e980000)
  object space 41984K, 65% used [0x75840000,0x7731a4c8,0x78140000)
 PSPermGen       total 20480K, used 20460K [0x6d840000, 0x6ec40000, 0x75840000)
  object space 20480K, 99% used [0x6d840000,0x6ec3b2a0,0x6ec40000)
GC Heap History (10 events):
Event: 1.997 GC heap before
{Heap before GC invocations=4 (full 0):
 PSYoungGen      total 18432K, used 18416K [0x9e980000, 0xa0d80000, 0xb3240000)
  eden space 15872K, 100% used [0x9e980000,0x9f900000,0x9f900000)
  from space 2560K, 99% used [0x9f900000,0x9fb7c050,0x9fb80000)
  to   space 2560K, 0% used [0xa0b00000,0xa0b00000,0xa0d80000)
 ParOldGen       total 41984K, used 5537K [0x75840000, 0x78140000, 0x9e980000)
  object space 41984K, 13% used [0x75840000,0x75da85d0,0x78140000)
 PSPermGen       total 16384K, used 11787K [0x6d840000, 0x6e840000, 0x75840000)
  object space 16384K, 71% used [0x6d840000,0x6e3c2f40,0x6e840000)
Event: 2.012 GC heap after
Heap after GC invocations=4 (full 0):
 PSYoungGen      total 34304K, used 2544K [0x9e980000, 0xa0d80000, 0xb3240000)
  eden space 31744K, 0% used [0x9e980000,0x9e980000,0xa0880000)
  from space 2560K, 99% used [0xa0b00000,0xa0d7c040,0xa0d80000)
  to   space 2560K, 0% used [0xa0880000,0xa0880000,0xa0b00000)
 ParOldGen       total 41984K, used 9636K [0x75840000, 0x78140000, 0x9e980000)
  object space 41984K, 22% used [0x75840000,0x761a9038,0x78140000)
 PSPermGen       total 16384K, used 11787K [0x6d840000, 0x6e840000, 0x75840000)
  object space 16384K, 71% used [0x6d840000,0x6e3c2f40,0x6e840000)
}
Event: 2.627 GC heap before
{Heap before GC invocations=5 (full 0):
 PSYoungGen      total 34304K, used 34288K [0x9e980000, 0xa0d80000, 0xb3240000)
  eden space 31744K, 100% used [0x9e980000,0xa0880000,0xa0880000)
  from space 2560K, 99% used [0xa0b00000,0xa0d7c040,0xa0d80000)
  to   space 2560K, 0% used [0xa0880000,0xa0880000,0xa0b00000)
 ParOldGen       total 41984K, used 9636K [0x75840000, 0x78140000, 0x9e980000)
  object space 41984K, 22% used [0x75840000,0x761a9038,0x78140000)
 PSPermGen       total 16384K, used 13805K [0x6d840000, 0x6e840000, 0x75840000)
  object space 16384K, 84% used [0x6d840000,0x6e5bb5d0,0x6e840000)
Event: 2.650 GC heap after
Heap after GC invocations=5 (full 0):
 PSYoungGen      total 34304K, used 2552K [0x9e980000, 0xa3b00000, 0xb3240000)
  eden space 31744K, 0% used [0x9e980000,0x9e980000,0xa0880000)
  from space 2560K, 99% used [0xa0880000,0xa0afe030,0xa0b00000)
  to   space 9984K, 0% used [0xa3140000,0xa3140000,0xa3b00000)
 ParOldGen       total 41984K, used 16129K [0x75840000, 0x78140000, 0x9e980000)
  object space 41984K, 38% used [0x75840000,0x76800520,0x78140000)
 PSPermGen       total 16384K, used 13805K [0x6d840000, 0x6e840000, 0x75840000)
  object space 16384K, 84% used [0x6d840000,0x6e5bb5d0,0x6e840000)
}
Event: 4.911 GC heap before
{Heap before GC invocations=6 (full 0):
 PSYoungGen      total 34304K, used 34296K [0x9e980000, 0xa3b00000, 0xb3240000)
  eden space 31744K, 100% used [0x9e980000,0xa0880000,0xa0880000)
  from space 2560K, 99% used [0xa0880000,0xa0afe030,0xa0b00000)
  to   space 9984K, 0% used [0xa3140000,0xa3140000,0xa3b00000)
 ParOldGen       total 41984K, used 16129K [0x75840000, 0x78140000, 0x9e980000)
  object space 41984K, 38% used [0x75840000,0x76800520,0x78140000)
 PSPermGen       total 17664K, used 17599K [0x6d840000, 0x6e980000, 0x75840000)
  object space 17664K, 99% used [0x6d840000,0x6e96fce8,0x6e980000)
Event: 4.956 GC heap after
Heap after GC invocations=6 (full 0):
 PSYoungGen      total 69632K, used 9973K [0x9e980000, 0xa4280000, 0xb3240000)
  eden space 59648K, 0% used [0x9e980000,0x9e980000,0xa23c0000)
  from space 9984K, 99% used [0xa3140000,0xa3afd6e8,0xa3b00000)
  to   space 13824K, 0% used [0xa23c0000,0xa23c0000,0xa3140000)
 ParOldGen       total 41984K, used 19891K [0x75840000, 0x78140000, 0x9e980000)
  object space 41984K, 47% used [0x75840000,0x76bacfd8,0x78140000)
 PSPermGen       total 17664K, used 17599K [0x6d840000, 0x6e980000, 0x75840000)
  object space 17664K, 99% used [0x6d840000,0x6e96fce8,0x6e980000)
}
Event: 54.387 GC heap before
{Heap before GC invocations=7 (full 0):
 PSYoungGen      total 69632K, used 69621K [0x9e980000, 0xa4280000, 0xb3240000)
  eden space 59648K, 100% used [0x9e980000,0xa23c0000,0xa23c0000)
  from space 9984K, 99% used [0xa3140000,0xa3afd6e8,0xa3b00000)
  to   space 13824K, 0% used [0xa23c0000,0xa23c0000,0xa3140000)
 ParOldGen       total 41984K, used 19891K [0x75840000, 0x78140000, 0x9e980000)
  object space 41984K, 47% used [0x75840000,0x76bacfd8,0x78140000)
 PSPermGen       total 20224K, used 20020K [0x6d840000, 0x6ec00000, 0x75840000)
  object space 20224K, 98% used [0x6d840000,0x6ebcd128,0x6ec00000)
Event: 54.443 GC heap after
Heap after GC invocations=7 (full 0):
 PSYoungGen      total 73472K, used 13820K [0x9e980000, 0xa8200000, 0xb3240000)
  eden space 59648K, 0% used [0x9e980000,0x9e980000,0xa23c0000)
  from space 13824K, 99% used [0xa23c0000,0xa313f0f0,0xa3140000)
  to   space 18432K, 0% used [0xa7000000,0xa7000000,0xa8200000)
 ParOldGen       total 41984K, used 24213K [0x75840000, 0x78140000, 0x9e980000)
  object space 41984K, 57% used [0x75840000,0x76fe56f8,0x78140000)
 PSPermGen       total 20224K, used 20020K [0x6d840000, 0x6ec00000, 0x75840000)
  object space 20224K, 98% used [0x6d840000,0x6ebcd128,0x6ec00000)
}
Event: 2036.011 GC heap before
{Heap before GC invocations=8 (full 0):
 PSYoungGen      total 73472K, used 73468K [0x9e980000, 0xa8200000, 0xb3240000)
  eden space 59648K, 100% used [0x9e980000,0xa23c0000,0xa23c0000)
  from space 13824K, 99% used [0xa23c0000,0xa313f0f0,0xa3140000)
  to   space 18432K, 0% used [0xa7000000,0xa7000000,0xa8200000)
 ParOldGen       total 41984K, used 24213K [0x75840000, 0x78140000, 0x9e980000)
  object space 41984K, 57% used [0x75840000,0x76fe56f8,0x78140000)
 PSPermGen       total 20480K, used 20289K [0x6d840000, 0x6ec40000, 0x75840000)
  object space 20480K, 99% used [0x6d840000,0x6ec10448,0x6ec40000)
Event: 2036.067 GC heap after
Heap after GC invocations=8 (full 0):
 PSYoungGen      total 133120K, used 18421K [0x9e980000, 0xa8b00000, 0xb3240000)
  eden space 114688K, 0% used [0x9e980000,0x9e980000,0xa5980000)
  from space 18432K, 99% used [0xa7000000,0xa81fd6e8,0xa8200000)
  to   space 23040K, 0% used [0xa5980000,0xa5980000,0xa7000000)
 ParOldGen       total 41984K, used 27497K [0x75840000, 0x78140000, 0x9e980000)
  object space 41984K, 65% used [0x75840000,0x7731a4c8,0x78140000)
 PSPermGen       total 20480K, used 20289K [0x6d840000, 0x6ec40000, 0x75840000)
  object space 20480K, 99% used [0x6d840000,0x6ec10448,0x6ec40000)
}

