# JRE version: Java(TM) SE Runtime Environment (8.0_151-b12) (build 1.8.0_151-b12)
# Java VM: Java HotSpot(TM) Server VM (25.151-b12 mixed mode linux-x86 )
Heap:
 PSYoungGen      total 122880K, used 25014K [0x92780000, 0x9c4c0000, 0xa7000000)
  eden space 109824K, 11% used [0x92780000,0x9334ce80,0x992c0000)
  from space 13056K, 99% used [0x9ad00000,0x9b9a09b0,0x9b9c0000)
  to   space 11264K, 0% used [0x9b9c0000,0x9b9c0000,0x9c4c0000)
 ParOldGen       total 51968K, used 24058K [0x69600000, 0x6c8c0000, 0x92780000)
  object space 51968K, 46% used [0x69600000,0x6ad7ea38,0x6c8c0000)
 Metaspace       used 22091K, capacity 22867K, committed 22912K, reserved 23856K
GC Heap History (10 events):
Event: 9.245 GC heap before
{Heap before GC invocations=6 (full 1):
 PSYoungGen      total 66048K, used 2552K [0x92780000, 0x9ba80000, 0xa7000000)
  eden space 63488K, 0% used [0x92780000,0x92780000,0x96580000)
  from space 2560K, 99% used [0x96580000,0x967fe010,0x96800000)
  to   space 11776K, 0% used [0x9af00000,0x9af00000,0x9ba80000)
 ParOldGen       total 42496K, used 21244K [0x69600000, 0x6bf80000, 0x92780000)
  object space 42496K, 49% used [0x69600000,0x6aabf3e8,0x6bf80000)
 Metaspace       used 16041K, capacity 16358K, committed 16384K, reserved 16688K
Event: 9.383 GC heap after
Heap after GC invocations=6 (full 1):
 PSYoungGen      total 66048K, used 0K [0x92780000, 0x9ba80000, 0xa7000000)
  eden space 63488K, 0% used [0x92780000,0x92780000,0x96580000)
  from space 2560K, 0% used [0x96580000,0x96580000,0x96800000)
  to   space 11776K, 0% used [0x9af00000,0x9af00000,0x9ba80000)
 ParOldGen       total 51968K, used 20620K [0x69600000, 0x6c8c0000, 0x92780000)
  object space 51968K, 39% used [0x69600000,0x6aa23020,0x6c8c0000)
 Metaspace       used 16041K, capacity 16358K, committed 16384K, reserved 16688K
}
Event: 33.996 GC heap before
{Heap before GC invocations=7 (full 1):
 PSYoungGen      total 66048K, used 63488K [0x92780000, 0x9ba80000, 0xa7000000)
  eden space 63488K, 100% used [0x92780000,0x96580000,0x96580000)
  from space 2560K, 0% used [0x96580000,0x96580000,0x96800000)
  to   space 11776K, 0% used [0x9af00000,0x9af00000,0x9ba80000)
 ParOldGen       total 51968K, used 20620K [0x69600000, 0x6c8c0000, 0x92780000)
  object space 51968K, 39% used [0x69600000,0x6aa23020,0x6c8c0000)
 Metaspace       used 18122K, capacity 18777K, committed 18816K, reserved 19760K
Event: 34.034 GC heap after
Heap after GC invocations=7 (full 1):
 PSYoungGen      total 109312K, used 11763K [0x92780000, 0x9ba80000, 0xa7000000)
  eden space 97536K, 0% used [0x92780000,0x92780000,0x986c0000)
  from space 11776K, 99% used [0x9af00000,0x9ba7ce40,0x9ba80000)
  to   space 15616K, 0% used [0x99c00000,0x99c00000,0x9ab40000)
 ParOldGen       total 51968K, used 24046K [0x69600000, 0x6c8c0000, 0x92780000)
  object space 51968K, 46% used [0x69600000,0x6ad7ba38,0x6c8c0000)
 Metaspace       used 18122K, capacity 18777K, committed 18816K, reserved 19760K
}
Event: 1121.718 GC heap before
{Heap before GC invocations=8 (full 1):
 PSYoungGen      total 109312K, used 109299K [0x92780000, 0x9ba80000, 0xa7000000)
  eden space 97536K, 100% used [0x92780000,0x986c0000,0x986c0000)
  from space 11776K, 99% used [0x9af00000,0x9ba7ce40,0x9ba80000)
  to   space 15616K, 0% used [0x99c00000,0x99c00000,0x9ab40000)
 ParOldGen       total 51968K, used 24046K [0x69600000, 0x6c8c0000, 0x92780000)
  object space 51968K, 46% used [0x69600000,0x6ad7ba38,0x6c8c0000)
 Metaspace       used 21095K, capacity 21854K, committed 21888K, reserved 22832K
Event: 1121.798 GC heap after
Heap after GC invocations=8 (full 1):
 PSYoungGen      total 134912K, used 14709K [0x92780000, 0x9d600000, 0xa7000000)
  eden space 119296K, 0% used [0x92780000,0x92780000,0x99c00000)
  from space 15616K, 94% used [0x99c00000,0x9aa5d550,0x9ab40000)
  to   space 17920K, 0% used [0x9c480000,0x9c480000,0x9d600000)
 ParOldGen       total 51968K, used 24050K [0x69600000, 0x6c8c0000, 0x92780000)
  object space 51968K, 46% used [0x69600000,0x6ad7ca38,0x6c8c0000)
 Metaspace       used 21095K, capacity 21854K, committed 21888K, reserved 22832K
}
Event: 6922.673 GC heap before
{Heap before GC invocations=9 (full 1):
 PSYoungGen      total 134912K, used 134005K [0x92780000, 0x9d600000, 0xa7000000)
  eden space 119296K, 100% used [0x92780000,0x99c00000,0x99c00000)
  from space 15616K, 94% used [0x99c00000,0x9aa5d550,0x9ab40000)
  to   space 17920K, 0% used [0x9c480000,0x9c480000,0x9d600000)
 ParOldGen       total 51968K, used 24050K [0x69600000, 0x6c8c0000, 0x92780000)
  object space 51968K, 46% used [0x69600000,0x6ad7ca38,0x6c8c0000)
 Metaspace       used 21845K, capacity 22607K, committed 22656K, reserved 22832K
Event: 6922.728 GC heap after
Heap after GC invocations=9 (full 1):
 PSYoungGen      total 127232K, used 12776K [0x92780000, 0x9d100000, 0xa7000000)
  eden space 114432K, 0% used [0x92780000,0x92780000,0x99740000)
  from space 12800K, 99% used [0x9c480000,0x9d0fa0c0,0x9d100000)
  to   space 18432K, 0% used [0x9ad00000,0x9ad00000,0x9bf00000)
 ParOldGen       total 51968K, used 24050K [0x69600000, 0x6c8c0000, 0x92780000)
  object space 51968K, 46% used [0x69600000,0x6ad7ca38,0x6c8c0000)
 Metaspace       used 21845K, capacity 22607K, committed 22656K, reserved 22832K
}
Event: 13883.527 GC heap before
{Heap before GC invocations=10 (full 1):
 PSYoungGen      total 127232K, used 127208K [0x92780000, 0x9d100000, 0xa7000000)
  eden space 114432K, 100% used [0x92780000,0x99740000,0x99740000)
  from space 12800K, 99% used [0x9c480000,0x9d0fa0c0,0x9d100000)
  to   space 18432K, 0% used [0x9ad00000,0x9ad00000,0x9bf00000)
 ParOldGen       total 51968K, used 24050K [0x69600000, 0x6c8c0000, 0x92780000)
  object space 51968K, 46% used [0x69600000,0x6ad7ca38,0x6c8c0000)
 Metaspace       used 22082K, capacity 22867K, committed 22912K, reserved 23856K
Event: 13883.584 GC heap after
Heap after GC invocations=10 (full 1):
 PSYoungGen      total 122880K, used 12930K [0x92780000, 0x9c4c0000, 0xa7000000)
  eden space 109824K, 0% used [0x92780000,0x92780000,0x992c0000)
  from space 13056K, 99% used [0x9ad00000,0x9b9a09b0,0x9b9c0000)
  to   space 11264K, 0% used [0x9b9c0000,0x9b9c0000,0x9c4c0000)
 ParOldGen       total 51968K, used 24058K [0x69600000, 0x6c8c0000, 0x92780000)
  object space 51968K, 46% used [0x69600000,0x6ad7ea38,0x6c8c0000)
 Metaspace       used 22082K, capacity 22867K, committed 22912K, reserved 23856K
}

