# JRE version: Java(TM) SE Runtime Environment (8.0_151-b12) (build 1.8.0_151-b12)
# Java VM: Java HotSpot(TM) Server VM (25.151-b12 mixed mode linux-x86 )
Heap:
 PSYoungGen      total 73728K, used 51486K [0x92780000, 0x99080000, 0xa7000000)
  eden space 61952K, 64% used [0x92780000,0x94e54540,0x96400000)
  from space 11776K, 99% used [0x98500000,0x990732d8,0x99080000)
  to   space 17408K, 0% used [0x96e80000,0x96e80000,0x97f80000)
 ParOldGen       total 47104K, used 23988K [0x69600000, 0x6c400000, 0x92780000)
  object space 47104K, 50% used [0x69600000,0x6ad6d238,0x6c400000)
 Metaspace       used 21934K, capacity 22695K, committed 22784K, reserved 22832K
GC Heap History (10 events):
Event: 9.734 GC heap before
{Heap before GC invocations=9 (full 1):
 PSYoungGen      total 39168K, used 31488K [0x92780000, 0x97880000, 0xa7000000)
  eden space 31488K, 100% used [0x92780000,0x94640000,0x94640000)
  from space 7680K, 0% used [0x94640000,0x94640000,0x94dc0000)
  to   space 9984K, 0% used [0x96ec0000,0x96ec0000,0x97880000)
 ParOldGen       total 47104K, used 20015K [0x69600000, 0x6c400000, 0x92780000)
  object space 47104K, 42% used [0x69600000,0x6a98bcc0,0x6c400000)
 Metaspace       used 17599K, capacity 18026K, committed 18048K, reserved 18736K
Event: 9.764 GC heap after
Heap after GC invocations=9 (full 1):
 PSYoungGen      total 59904K, used 9969K [0x92780000, 0x97880000, 0xa7000000)
  eden space 49920K, 0% used [0x92780000,0x92780000,0x95840000)
  from space 9984K, 99% used [0x96ec0000,0x9787c778,0x97880000)
  to   space 13056K, 0% used [0x95f00000,0x95f00000,0x96bc0000)
 ParOldGen       total 47104K, used 23972K [0x69600000, 0x6c400000, 0x92780000)
  object space 47104K, 50% used [0x69600000,0x6ad69238,0x6c400000)
 Metaspace       used 17599K, capacity 18026K, committed 18048K, reserved 18736K
}
Event: 38.803 GC heap before
{Heap before GC invocations=10 (full 1):
 PSYoungGen      total 59904K, used 59889K [0x92780000, 0x97880000, 0xa7000000)
  eden space 49920K, 100% used [0x92780000,0x95840000,0x95840000)
  from space 9984K, 99% used [0x96ec0000,0x9787c778,0x97880000)
  to   space 13056K, 0% used [0x95f00000,0x95f00000,0x96bc0000)
 ParOldGen       total 47104K, used 23972K [0x69600000, 0x6c400000, 0x92780000)
  object space 47104K, 50% used [0x69600000,0x6ad69238,0x6c400000)
 Metaspace       used 18362K, capacity 19125K, committed 19200K, reserved 19760K
Event: 38.829 GC heap after
Heap after GC invocations=10 (full 1):
 PSYoungGen      total 69888K, used 12315K [0x92780000, 0x98400000, 0xa7000000)
  eden space 56832K, 0% used [0x92780000,0x92780000,0x95f00000)
  from space 13056K, 94% used [0x95f00000,0x96b06f70,0x96bc0000)
  to   space 14592K, 0% used [0x975c0000,0x975c0000,0x98400000)
 ParOldGen       total 47104K, used 23976K [0x69600000, 0x6c400000, 0x92780000)
  object space 47104K, 50% used [0x69600000,0x6ad6a238,0x6c400000)
 Metaspace       used 18362K, capacity 19125K, committed 19200K, reserved 19760K
}
Event: 523.372 GC heap before
{Heap before GC invocations=11 (full 1):
 PSYoungGen      total 69888K, used 69147K [0x92780000, 0x98400000, 0xa7000000)
  eden space 56832K, 100% used [0x92780000,0x95f00000,0x95f00000)
  from space 13056K, 94% used [0x95f00000,0x96b06f70,0x96bc0000)
  to   space 14592K, 0% used [0x975c0000,0x975c0000,0x98400000)
 ParOldGen       total 47104K, used 23976K [0x69600000, 0x6c400000, 0x92780000)
  object space 47104K, 50% used [0x69600000,0x6ad6a238,0x6c400000)
 Metaspace       used 20835K, capacity 21625K, committed 21760K, reserved 21808K
Event: 523.400 GC heap after
Heap after GC invocations=11 (full 1):
 PSYoungGen      total 78848K, used 13251K [0x92780000, 0x98d00000, 0xa7000000)
  eden space 64256K, 0% used [0x92780000,0x92780000,0x96640000)
  from space 14592K, 90% used [0x975c0000,0x982b0c40,0x98400000)
  to   space 15872K, 0% used [0x96640000,0x96640000,0x975c0000)
 ParOldGen       total 47104K, used 23980K [0x69600000, 0x6c400000, 0x92780000)
  object space 47104K, 50% used [0x69600000,0x6ad6b238,0x6c400000)
 Metaspace       used 20835K, capacity 21625K, committed 21760K, reserved 21808K
}
Event: 4321.293 GC heap before
{Heap before GC invocations=12 (full 1):
 PSYoungGen      total 78848K, used 77507K [0x92780000, 0x98d00000, 0xa7000000)
  eden space 64256K, 100% used [0x92780000,0x96640000,0x96640000)
  from space 14592K, 90% used [0x975c0000,0x982b0c40,0x98400000)
  to   space 15872K, 0% used [0x96640000,0x96640000,0x975c0000)
 ParOldGen       total 47104K, used 23980K [0x69600000, 0x6c400000, 0x92780000)
  object space 47104K, 50% used [0x69600000,0x6ad6b238,0x6c400000)
 Metaspace       used 21585K, capacity 22368K, committed 22400K, reserved 22832K
Event: 4321.319 GC heap after
Heap after GC invocations=12 (full 1):
 PSYoungGen      total 80128K, used 12861K [0x92780000, 0x99580000, 0xa7000000)
  eden space 64256K, 0% used [0x92780000,0x92780000,0x96640000)
  from space 15872K, 81% used [0x96640000,0x972cf618,0x975c0000)
  to   space 16896K, 0% used [0x98500000,0x98500000,0x99580000)
 ParOldGen       total 47104K, used 23984K [0x69600000, 0x6c400000, 0x92780000)
  object space 47104K, 50% used [0x69600000,0x6ad6c238,0x6c400000)
 Metaspace       used 21585K, capacity 22368K, committed 22400K, reserved 22832K
}
Event: 8321.787 GC heap before
{Heap before GC invocations=13 (full 1):
 PSYoungGen      total 80128K, used 77117K [0x92780000, 0x99580000, 0xa7000000)
  eden space 64256K, 100% used [0x92780000,0x96640000,0x96640000)
  from space 15872K, 81% used [0x96640000,0x972cf618,0x975c0000)
  to   space 16896K, 0% used [0x98500000,0x98500000,0x99580000)
 ParOldGen       total 47104K, used 23984K [0x69600000, 0x6c400000, 0x92780000)
  object space 47104K, 50% used [0x69600000,0x6ad6c238,0x6c400000)
 Metaspace       used 21831K, capacity 22594K, committed 22656K, reserved 22832K
Event: 8321.816 GC heap after
Heap after GC invocations=13 (full 1):
 PSYoungGen      total 73728K, used 11724K [0x92780000, 0x99080000, 0xa7000000)
  eden space 61952K, 0% used [0x92780000,0x92780000,0x96400000)
  from space 11776K, 99% used [0x98500000,0x990732d8,0x99080000)
  to   space 17408K, 0% used [0x96e80000,0x96e80000,0x97f80000)
 ParOldGen       total 47104K, used 23988K [0x69600000, 0x6c400000, 0x92780000)
  object space 47104K, 50% used [0x69600000,0x6ad6d238,0x6c400000)
 Metaspace       used 21831K, capacity 22594K, committed 22656K, reserved 22832K
}

