# JRE version: Java(TM) SE Runtime Environment (8.0_151-b12) (build 1.8.0_151-b12)
# Java VM: Java HotSpot(TM) Server VM (25.151-b12 mixed mode linux-x86 )
Heap:
 PSYoungGen      total 48640K, used 30005K [0x92780000, 0x965c0000, 0xa7000000)
  eden space 35584K, 83% used [0x92780000,0x9445dd20,0x94a40000)
  from space 13056K, 3% used [0x95900000,0x9596f7d8,0x965c0000)
  to   space 14080K, 0% used [0x94a40000,0x94a40000,0x95800000)
 ParOldGen       total 46336K, used 36546K [0x69600000, 0x6c340000, 0x92780000)
  object space 46336K, 78% used [0x69600000,0x6b9b0b60,0x6c340000)
 Metaspace       used 21695K, capacity 22471K, committed 22528K, reserved 22832K
GC Heap History (10 events):
Event: 1492.090 GC heap before
{Heap before GC invocations=13 (full 1):
 PSYoungGen      total 54784K, used 44121K [0x92780000, 0x976c0000, 0xa7000000)
  eden space 41216K, 100% used [0x92780000,0x94fc0000,0x94fc0000)
  from space 13568K, 21% used [0x94fc0000,0x95296670,0x95d00000)
  to   space 13568K, 0% used [0x96980000,0x96980000,0x976c0000)
 ParOldGen       total 46336K, used 34979K [0x69600000, 0x6c340000, 0x92780000)
  object space 46336K, 75% used [0x69600000,0x6b828f10,0x6c340000)
 Metaspace       used 20895K, capacity 21694K, committed 21760K, reserved 21808K
Event: 1492.104 GC heap after
Heap after GC invocations=13 (full 1):
 PSYoungGen      total 40448K, used 276K [0x92780000, 0x96a00000, 0xa7000000)
  eden space 39936K, 0% used [0x92780000,0x92780000,0x94e80000)
  from space 512K, 53% used [0x96980000,0x969c5178,0x96a00000)
  to   space 14080K, 0% used [0x94e80000,0x94e80000,0x95c40000)
 ParOldGen       total 46336K, used 36530K [0x69600000, 0x6c340000, 0x92780000)
  object space 46336K, 78% used [0x69600000,0x6b9acb60,0x6c340000)
 Metaspace       used 20895K, capacity 21694K, committed 21760K, reserved 21808K
}
Event: 4412.449 GC heap before
{Heap before GC invocations=14 (full 1):
 PSYoungGen      total 40448K, used 40212K [0x92780000, 0x96a00000, 0xa7000000)
  eden space 39936K, 100% used [0x92780000,0x94e80000,0x94e80000)
  from space 512K, 53% used [0x96980000,0x969c5178,0x96a00000)
  to   space 14080K, 0% used [0x94e80000,0x94e80000,0x95c40000)
 ParOldGen       total 46336K, used 36530K [0x69600000, 0x6c340000, 0x92780000)
  object space 46336K, 78% used [0x69600000,0x6b9acb60,0x6c340000)
 Metaspace       used 21346K, capacity 22145K, committed 22272K, reserved 22832K
Event: 4412.456 GC heap after
Heap after GC invocations=14 (full 1):
 PSYoungGen      total 39168K, used 422K [0x92780000, 0x969c0000, 0xa7000000)
  eden space 38656K, 0% used [0x92780000,0x92780000,0x94d40000)
  from space 512K, 82% used [0x94e80000,0x94ee9a00,0x94f00000)
  to   space 14336K, 0% used [0x95bc0000,0x95bc0000,0x969c0000)
 ParOldGen       total 46336K, used 36534K [0x69600000, 0x6c340000, 0x92780000)
  object space 46336K, 78% used [0x69600000,0x6b9adb60,0x6c340000)
 Metaspace       used 21346K, capacity 22145K, committed 22272K, reserved 22832K
}
Event: 7172.833 GC heap before
{Heap before GC invocations=15 (full 1):
 PSYoungGen      total 39168K, used 39078K [0x92780000, 0x969c0000, 0xa7000000)
  eden space 38656K, 100% used [0x92780000,0x94d40000,0x94d40000)
  from space 512K, 82% used [0x94e80000,0x94ee9a00,0x94f00000)
  to   space 14336K, 0% used [0x95bc0000,0x95bc0000,0x969c0000)
 ParOldGen       total 46336K, used 36534K [0x69600000, 0x6c340000, 0x92780000)
  object space 46336K, 78% used [0x69600000,0x6b9adb60,0x6c340000)
 Metaspace       used 21494K, capacity 22275K, committed 22400K, reserved 22832K
Event: 7172.842 GC heap after
Heap after GC invocations=15 (full 1):
 PSYoungGen      total 50432K, used 556K [0x92780000, 0x96840000, 0xa7000000)
  eden space 37632K, 0% used [0x92780000,0x92780000,0x94c40000)
  from space 12800K, 4% used [0x95bc0000,0x95c4b280,0x96840000)
  to   space 14336K, 0% used [0x94c40000,0x94c40000,0x95a40000)
 ParOldGen       total 46336K, used 36538K [0x69600000, 0x6c340000, 0x92780000)
  object space 46336K, 78% used [0x69600000,0x6b9aeb60,0x6c340000)
 Metaspace       used 21494K, capacity 22275K, committed 22400K, reserved 22832K
}
Event: 9973.377 GC heap before
{Heap before GC invocations=16 (full 1):
 PSYoungGen      total 50432K, used 38188K [0x92780000, 0x96840000, 0xa7000000)
  eden space 37632K, 100% used [0x92780000,0x94c40000,0x94c40000)
  from space 12800K, 4% used [0x95bc0000,0x95c4b280,0x96840000)
  to   space 14336K, 0% used [0x94c40000,0x94c40000,0x95a40000)
 ParOldGen       total 46336K, used 36538K [0x69600000, 0x6c340000, 0x92780000)
  object space 46336K, 78% used [0x69600000,0x6b9aeb60,0x6c340000)
 Metaspace       used 21599K, capacity 22371K, committed 22400K, reserved 22832K
Event: 9973.384 GC heap after
Heap after GC invocations=16 (full 1):
 PSYoungGen      total 37120K, used 414K [0x92780000, 0x966c0000, 0xa7000000)
  eden space 36608K, 0% used [0x92780000,0x92780000,0x94b40000)
  from space 512K, 81% used [0x94c40000,0x94ca7bf8,0x94cc0000)
  to   space 14080K, 0% used [0x95900000,0x95900000,0x966c0000)
 ParOldGen       total 46336K, used 36542K [0x69600000, 0x6c340000, 0x92780000)
  object space 46336K, 78% used [0x69600000,0x6b9afb60,0x6c340000)
 Metaspace       used 21599K, capacity 22371K, committed 22400K, reserved 22832K
}
Event: 12733.522 GC heap before
{Heap before GC invocations=17 (full 1):
 PSYoungGen      total 37120K, used 37022K [0x92780000, 0x966c0000, 0xa7000000)
  eden space 36608K, 100% used [0x92780000,0x94b40000,0x94b40000)
  from space 512K, 81% used [0x94c40000,0x94ca7bf8,0x94cc0000)
  to   space 14080K, 0% used [0x95900000,0x95900000,0x966c0000)
 ParOldGen       total 46336K, used 36542K [0x69600000, 0x6c340000, 0x92780000)
  object space 46336K, 78% used [0x69600000,0x6b9afb60,0x6c340000)
 Metaspace       used 21680K, capacity 22439K, committed 22528K, reserved 22832K
Event: 12733.529 GC heap after
Heap after GC invocations=17 (full 1):
 PSYoungGen      total 48640K, used 445K [0x92780000, 0x965c0000, 0xa7000000)
  eden space 35584K, 0% used [0x92780000,0x92780000,0x94a40000)
  from space 13056K, 3% used [0x95900000,0x9596f7d8,0x965c0000)
  to   space 14080K, 0% used [0x94a40000,0x94a40000,0x95800000)
 ParOldGen       total 46336K, used 36546K [0x69600000, 0x6c340000, 0x92780000)
  object space 46336K, 78% used [0x69600000,0x6b9b0b60,0x6c340000)
 Metaspace       used 21680K, capacity 22439K, committed 22528K, reserved 22832K
}

