# JRE version: OpenJDK Runtime Environment (7.0_95) (build 1.7.0_95-b00)
# Java VM: OpenJDK Server VM (24.95-b01 mixed mode linux-x86 )
Heap
 PSYoungGen      total 54272K, used 41160K [0x9e980000, 0xa32c0000, 0xb3240000)
  eden space 40448K, 67% used [0x9e980000,0xa0435d10,0xa1100000)
  from space 13824K, 99% used [0xa2140000,0xa2ebc5c0,0xa2ec0000)
  to   space 16640K, 0% used [0xa1100000,0xa1100000,0xa2140000)
 ParOldGen       total 57856K, used 36642K [0x75840000, 0x790c0000, 0x9e980000)
  object space 57856K, 63% used [0x75840000,0x77c08a18,0x790c0000)
 PSPermGen       total 40448K, used 20288K [0x6d840000, 0x6ffc0000, 0x75840000)
  object space 40448K, 50% used [0x6d840000,0x6ec10288,0x6ffc0000)
GC Heap History (10 events):
Event: 37.676 GC heap before
{Heap before GC invocations=9 (full 0):
 PSYoungGen      total 36096K, used 36002K [0x9e980000, 0xa1e80000, 0xb3240000)
  eden space 27904K, 99% used [0x9e980000,0xa04aba10,0xa04c0000)
  from space 8192K, 99% used [0xa1000000,0xa17fd110,0xa1800000)
  to   space 11520K, 0% used [0xa04c0000,0xa04c0000,0xa1000000)
 ParOldGen       total 41984K, used 19837K [0x75840000, 0x78140000, 0x9e980000)
  object space 41984K, 47% used [0x75840000,0x76b9f600,0x78140000)
 PSPermGen       total 17920K, used 17878K [0x6d840000, 0x6e9c0000, 0x75840000)
  object space 17920K, 99% used [0x6d840000,0x6e9b58c0,0x6e9c0000)
Event: 37.700 GC heap after
Heap after GC invocations=9 (full 0):
 PSYoungGen      total 39424K, used 11511K [0x9e980000, 0xa3240000, 0xb3240000)
  eden space 27904K, 0% used [0x9e980000,0x9e980000,0xa04c0000)
  from space 11520K, 99% used [0xa04c0000,0xa0ffde28,0xa1000000)
  to   space 14848K, 0% used [0xa23c0000,0xa23c0000,0xa3240000)
 ParOldGen       total 41984K, used 23988K [0x75840000, 0x78140000, 0x9e980000)
  object space 41984K, 57% used [0x75840000,0x76fad090,0x78140000)
 PSPermGen       total 17920K, used 17878K [0x6d840000, 0x6e9c0000, 0x75840000)
  object space 17920K, 99% used [0x6d840000,0x6e9b58c0,0x6e9c0000)
}
Event: 67.384 GC heap before
{Heap before GC invocations=10 (full 0):
 PSYoungGen      total 39424K, used 39415K [0x9e980000, 0xa3240000, 0xb3240000)
  eden space 27904K, 100% used [0x9e980000,0xa04c0000,0xa04c0000)
  from space 11520K, 99% used [0xa04c0000,0xa0ffde28,0xa1000000)
  to   space 14848K, 0% used [0xa23c0000,0xa23c0000,0xa3240000)
 ParOldGen       total 41984K, used 23988K [0x75840000, 0x78140000, 0x9e980000)
  object space 41984K, 57% used [0x75840000,0x76fad090,0x78140000)
 PSPermGen       total 20224K, used 20004K [0x6d840000, 0x6ec00000, 0x75840000)
  object space 20224K, 98% used [0x6d840000,0x6ebc93c0,0x6ec00000)
Event: 67.407 GC heap after
Heap after GC invocations=10 (full 0):
 PSYoungGen      total 58624K, used 8503K [0x9e980000, 0xa3140000, 0xb3240000)
  eden space 44800K, 0% used [0x9e980000,0x9e980000,0xa1540000)
  from space 13824K, 61% used [0xa23c0000,0xa2c0deb0,0xa3140000)
  to   space 14336K, 0% used [0xa1540000,0xa1540000,0xa2340000)
 ParOldGen       total 41984K, used 29116K [0x75840000, 0x78140000, 0x9e980000)
  object space 41984K, 69% used [0x75840000,0x774af3f8,0x78140000)
 PSPermGen       total 20224K, used 20004K [0x6d840000, 0x6ec00000, 0x75840000)
  object space 20224K, 98% used [0x6d840000,0x6ebc93c0,0x6ec00000)
}
Event: 1938.349 GC heap before
{Heap before GC invocations=11 (full 0):
 PSYoungGen      total 58624K, used 53303K [0x9e980000, 0xa3140000, 0xb3240000)
  eden space 44800K, 100% used [0x9e980000,0xa1540000,0xa1540000)
  from space 13824K, 61% used [0xa23c0000,0xa2c0deb0,0xa3140000)
  to   space 14336K, 0% used [0xa1540000,0xa1540000,0xa2340000)
 ParOldGen       total 41984K, used 29116K [0x75840000, 0x78140000, 0x9e980000)
  object space 41984K, 69% used [0x75840000,0x774af3f8,0x78140000)
 PSPermGen       total 20480K, used 20242K [0x6d840000, 0x6ec40000, 0x75840000)
  object space 20480K, 98% used [0x6d840000,0x6ec049e8,0x6ec40000)
Event: 1938.390 GC heap after
Heap after GC invocations=11 (full 0):
 PSYoungGen      total 50688K, used 7174K [0x9e980000, 0xa2ec0000, 0xb3240000)
  eden space 43264K, 0% used [0x9e980000,0x9e980000,0xa13c0000)
  from space 7424K, 96% used [0xa1540000,0xa1c41818,0xa1c80000)
  to   space 13824K, 0% used [0xa2140000,0xa2140000,0xa2ec0000)
 ParOldGen       total 41984K, used 36686K [0x75840000, 0x78140000, 0x9e980000)
  object space 41984K, 87% used [0x75840000,0x77c13880,0x78140000)
 PSPermGen       total 20480K, used 20242K [0x6d840000, 0x6ec40000, 0x75840000)
  object space 20480K, 98% used [0x6d840000,0x6ec049e8,0x6ec40000)
}
Event: 1938.390 GC heap before
{Heap before GC invocations=12 (full 1):
 PSYoungGen      total 50688K, used 7174K [0x9e980000, 0xa2ec0000, 0xb3240000)
  eden space 43264K, 0% used [0x9e980000,0x9e980000,0xa13c0000)
  from space 7424K, 96% used [0xa1540000,0xa1c41818,0xa1c80000)
  to   space 13824K, 0% used [0xa2140000,0xa2140000,0xa2ec0000)
 ParOldGen       total 41984K, used 36686K [0x75840000, 0x78140000, 0x9e980000)
  object space 41984K, 87% used [0x75840000,0x77c13880,0x78140000)
 PSPermGen       total 20480K, used 20242K [0x6d840000, 0x6ec40000, 0x75840000)
  object space 20480K, 98% used [0x6d840000,0x6ec049e8,0x6ec40000)
Event: 1938.693 GC heap after
Heap after GC invocations=12 (full 1):
 PSYoungGen      total 50688K, used 0K [0x9e980000, 0xa2ec0000, 0xb3240000)
  eden space 43264K, 0% used [0x9e980000,0x9e980000,0xa13c0000)
  from space 7424K, 0% used [0xa1540000,0xa1540000,0xa1c80000)
  to   space 13824K, 0% used [0xa2140000,0xa2140000,0xa2ec0000)
 ParOldGen       total 57856K, used 33673K [0x75840000, 0x790c0000, 0x9e980000)
  object space 57856K, 58% used [0x75840000,0x77922550,0x790c0000)
 PSPermGen       total 40448K, used 20122K [0x6d840000, 0x6ffc0000, 0x75840000)
  object space 40448K, 49% used [0x6d840000,0x6ebe6840,0x6ffc0000)
}
Event: 6139.072 GC heap before
{Heap before GC invocations=13 (full 1):
 PSYoungGen      total 50688K, used 43264K [0x9e980000, 0xa2ec0000, 0xb3240000)
  eden space 43264K, 100% used [0x9e980000,0xa13c0000,0xa13c0000)
  from space 7424K, 0% used [0xa1540000,0xa1540000,0xa1c80000)
  to   space 13824K, 0% used [0xa2140000,0xa2140000,0xa2ec0000)
 ParOldGen       total 57856K, used 33673K [0x75840000, 0x790c0000, 0x9e980000)
  object space 57856K, 58% used [0x75840000,0x77922550,0x790c0000)
 PSPermGen       total 40448K, used 20189K [0x6d840000, 0x6ffc0000, 0x75840000)
  object space 40448K, 49% used [0x6d840000,0x6ebf77d0,0x6ffc0000)
Event: 6139.113 GC heap after
Heap after GC invocations=13 (full 1):
 PSYoungGen      total 54272K, used 13809K [0x9e980000, 0xa32c0000, 0xb3240000)
  eden space 40448K, 0% used [0x9e980000,0x9e980000,0xa1100000)
  from space 13824K, 99% used [0xa2140000,0xa2ebc5c0,0xa2ec0000)
  to   space 16640K, 0% used [0xa1100000,0xa1100000,0xa2140000)
 ParOldGen       total 57856K, used 36642K [0x75840000, 0x790c0000, 0x9e980000)
  object space 57856K, 63% used [0x75840000,0x77c08a18,0x790c0000)
 PSPermGen       total 40448K, used 20189K [0x6d840000, 0x6ffc0000, 0x75840000)
  object space 40448K, 49% used [0x6d840000,0x6ebf77d0,0x6ffc0000)
}

