# JRE version: Java(TM) SE Runtime Environment (8.0_151-b12) (build 1.8.0_151-b12)
# Java VM: Java HotSpot(TM) Server VM (25.151-b12 mixed mode linux-x86 )
Heap:
 PSYoungGen      total 77312K, used 24744K [0x92780000, 0x98c80000, 0xa7000000)
  eden space 62720K, 19% used [0x92780000,0x933248b0,0x964c0000)
  from space 14592K, 87% used [0x97440000,0x980c5a98,0x98280000)
  to   space 15872K, 0% used [0x964c0000,0x964c0000,0x97440000)
 ParOldGen       total 48640K, used 24336K [0x69600000, 0x6c580000, 0x92780000)
  object space 48640K, 50% used [0x69600000,0x6adc4118,0x6c580000)
 Metaspace       used 21132K, capacity 21886K, committed 22016K, reserved 22832K
GC Heap History (10 events):
Event: 8.159 GC heap before
{Heap before GC invocations=7 (full 0):
 PSYoungGen      total 39168K, used 32276K [0x92780000, 0x95580000, 0xa7000000)
  eden space 31744K, 84% used [0x92780000,0x941cf330,0x94680000)
  from space 7424K, 71% used [0x94e40000,0x95376098,0x95580000)
  to   space 7680K, 0% used [0x94680000,0x94680000,0x94e00000)
 ParOldGen       total 42496K, used 13398K [0x69600000, 0x6bf80000, 0x92780000)
  object space 42496K, 31% used [0x69600000,0x6a315860,0x6bf80000)
 Metaspace       used 16024K, capacity 16358K, committed 16384K, reserved 16688K
Event: 8.199 GC heap after
Heap after GC invocations=7 (full 0):
 PSYoungGen      total 39424K, used 7667K [0x92780000, 0x97900000, 0xa7000000)
  eden space 31744K, 0% used [0x92780000,0x92780000,0x94680000)
  from space 7680K, 99% used [0x94680000,0x94dfcc28,0x94e00000)
  to   space 9984K, 0% used [0x96f40000,0x96f40000,0x97900000)
 ParOldGen       total 42496K, used 16209K [0x69600000, 0x6bf80000, 0x92780000)
  object space 42496K, 38% used [0x69600000,0x6a5d46a0,0x6bf80000)
 Metaspace       used 16024K, capacity 16358K, committed 16384K, reserved 16688K
}
Event: 8.199 GC heap before
{Heap before GC invocations=8 (full 1):
 PSYoungGen      total 39424K, used 7667K [0x92780000, 0x97900000, 0xa7000000)
  eden space 31744K, 0% used [0x92780000,0x92780000,0x94680000)
  from space 7680K, 99% used [0x94680000,0x94dfcc28,0x94e00000)
  to   space 9984K, 0% used [0x96f40000,0x96f40000,0x97900000)
 ParOldGen       total 42496K, used 16209K [0x69600000, 0x6bf80000, 0x92780000)
  object space 42496K, 38% used [0x69600000,0x6a5d46a0,0x6bf80000)
 Metaspace       used 16024K, capacity 16358K, committed 16384K, reserved 16688K
Event: 8.368 GC heap after
Heap after GC invocations=8 (full 1):
 PSYoungGen      total 39424K, used 0K [0x92780000, 0x97900000, 0xa7000000)
  eden space 31744K, 0% used [0x92780000,0x92780000,0x94680000)
  from space 7680K, 0% used [0x94680000,0x94680000,0x94e00000)
  to   space 9984K, 0% used [0x96f40000,0x96f40000,0x97900000)
 ParOldGen       total 48640K, used 20222K [0x69600000, 0x6c580000, 0x92780000)
  object space 48640K, 41% used [0x69600000,0x6a9bf988,0x6c580000)
 Metaspace       used 16024K, capacity 16358K, committed 16384K, reserved 16688K
}
Event: 10.116 GC heap before
{Heap before GC invocations=9 (full 1):
 PSYoungGen      total 39424K, used 31726K [0x92780000, 0x97900000, 0xa7000000)
  eden space 31744K, 99% used [0x92780000,0x9467b830,0x94680000)
  from space 7680K, 0% used [0x94680000,0x94680000,0x94e00000)
  to   space 9984K, 0% used [0x96f40000,0x96f40000,0x97900000)
 ParOldGen       total 48640K, used 20222K [0x69600000, 0x6c580000, 0x92780000)
  object space 48640K, 41% used [0x69600000,0x6a9bf988,0x6c580000)
 Metaspace       used 17604K, capacity 18026K, committed 18048K, reserved 18736K
Event: 10.153 GC heap after
Heap after GC invocations=9 (full 1):
 PSYoungGen      total 59392K, used 9971K [0x92780000, 0x97900000, 0xa7000000)
  eden space 49408K, 0% used [0x92780000,0x92780000,0x957c0000)
  from space 9984K, 99% used [0x96f40000,0x978fcd88,0x97900000)
  to   space 13056K, 0% used [0x95f80000,0x95f80000,0x96c40000)
 ParOldGen       total 48640K, used 24328K [0x69600000, 0x6c580000, 0x92780000)
  object space 48640K, 50% used [0x69600000,0x6adc2118,0x6c580000)
 Metaspace       used 17604K, capacity 18026K, committed 18048K, reserved 18736K
}
Event: 30.045 GC heap before
{Heap before GC invocations=10 (full 1):
 PSYoungGen      total 59392K, used 59379K [0x92780000, 0x97900000, 0xa7000000)
  eden space 49408K, 100% used [0x92780000,0x957c0000,0x957c0000)
  from space 9984K, 99% used [0x96f40000,0x978fcd88,0x97900000)
  to   space 13056K, 0% used [0x95f80000,0x95f80000,0x96c40000)
 ParOldGen       total 48640K, used 24328K [0x69600000, 0x6c580000, 0x92780000)
  object space 48640K, 50% used [0x69600000,0x6adc2118,0x6c580000)
 Metaspace       used 18380K, capacity 19135K, committed 19200K, reserved 19760K
Event: 30.070 GC heap after
Heap after GC invocations=10 (full 1):
 PSYoungGen      total 70400K, used 12310K [0x92780000, 0x98280000, 0xa7000000)
  eden space 57344K, 0% used [0x92780000,0x92780000,0x95f80000)
  from space 13056K, 94% used [0x95f80000,0x96b85ad0,0x96c40000)
  to   space 14592K, 0% used [0x97440000,0x97440000,0x98280000)
 ParOldGen       total 48640K, used 24332K [0x69600000, 0x6c580000, 0x92780000)
  object space 48640K, 50% used [0x69600000,0x6adc3118,0x6c580000)
 Metaspace       used 18380K, capacity 19135K, committed 19200K, reserved 19760K
}
Event: 760.570 GC heap before
{Heap before GC invocations=11 (full 1):
 PSYoungGen      total 70400K, used 69654K [0x92780000, 0x98280000, 0xa7000000)
  eden space 57344K, 100% used [0x92780000,0x95f80000,0x95f80000)
  from space 13056K, 94% used [0x95f80000,0x96b85ad0,0x96c40000)
  to   space 14592K, 0% used [0x97440000,0x97440000,0x98280000)
 ParOldGen       total 48640K, used 24332K [0x69600000, 0x6c580000, 0x92780000)
  object space 48640K, 50% used [0x69600000,0x6adc3118,0x6c580000)
 Metaspace       used 20870K, capacity 21628K, committed 21760K, reserved 21808K
Event: 760.613 GC heap after
Heap after GC invocations=11 (full 1):
 PSYoungGen      total 77312K, used 12822K [0x92780000, 0x98c80000, 0xa7000000)
  eden space 62720K, 0% used [0x92780000,0x92780000,0x964c0000)
  from space 14592K, 87% used [0x97440000,0x980c5a98,0x98280000)
  to   space 15872K, 0% used [0x964c0000,0x964c0000,0x97440000)
 ParOldGen       total 48640K, used 24336K [0x69600000, 0x6c580000, 0x92780000)
  object space 48640K, 50% used [0x69600000,0x6adc4118,0x6c580000)
 Metaspace       used 20870K, capacity 21628K, committed 21760K, reserved 21808K
}

