# JRE version: OpenJDK Runtime Environment (7.0_95) (build 1.7.0_95-b00)
# Java VM: OpenJDK Server VM (24.95-b01 mixed mode linux-x86 )
Heap
 PSYoungGen      total 76544K, used 18666K [0x9e980000, 0xa6e80000, 0xb3240000)
  eden space 61440K, 5% used [0x9e980000,0x9ecfc788,0xa2580000)
  from space 15104K, 99% used [0xa2580000,0xa343e0b8,0xa3440000)
  to   space 18944K, 0% used [0xa5c00000,0xa5c00000,0xa6e80000)
 ParOldGen       total 41984K, used 27525K [0x75840000, 0x78140000, 0x9e980000)
  object space 41984K, 65% used [0x75840000,0x77321700,0x78140000)
 PSPermGen       total 20480K, used 20384K [0x6d840000, 0x6ec40000, 0x75840000)
  object space 20480K, 99% used [0x6d840000,0x6ec283a8,0x6ec40000)
GC Heap History (10 events):
Event: 6.036 GC heap before
{Heap before GC invocations=5 (full 0):
 PSYoungGen      total 18432K, used 18416K [0x9e980000, 0x9fe00000, 0xb3240000)
  eden space 15872K, 100% used [0x9e980000,0x9f900000,0x9f900000)
  from space 2560K, 99% used [0x9fb80000,0x9fdfc040,0x9fe00000)
  to   space 2560K, 0% used [0x9f900000,0x9f900000,0x9fb80000)
 ParOldGen       total 41984K, used 9857K [0x75840000, 0x78140000, 0x9e980000)
  object space 41984K, 23% used [0x75840000,0x761e04f8,0x78140000)
 PSPermGen       total 16384K, used 12838K [0x6d840000, 0x6e840000, 0x75840000)
  object space 16384K, 78% used [0x6d840000,0x6e4c9b10,0x6e840000)
Event: 6.057 GC heap after
Heap after GC invocations=5 (full 0):
 PSYoungGen      total 18432K, used 2552K [0x9e980000, 0xa1780000, 0xb3240000)
  eden space 15872K, 0% used [0x9e980000,0x9e980000,0x9f900000)
  from space 2560K, 99% used [0x9f900000,0x9fb7e030,0x9fb80000)
  to   space 7680K, 0% used [0xa1000000,0xa1000000,0xa1780000)
 ParOldGen       total 41984K, used 12990K [0x75840000, 0x78140000, 0x9e980000)
  object space 41984K, 30% used [0x75840000,0x764ef8f0,0x78140000)
 PSPermGen       total 16384K, used 12838K [0x6d840000, 0x6e840000, 0x75840000)
  object space 16384K, 78% used [0x6d840000,0x6e4c9b10,0x6e840000)
}
Event: 6.378 GC heap before
{Heap before GC invocations=6 (full 0):
 PSYoungGen      total 18432K, used 18424K [0x9e980000, 0xa1780000, 0xb3240000)
  eden space 15872K, 100% used [0x9e980000,0x9f900000,0x9f900000)
  from space 2560K, 99% used [0x9f900000,0x9fb7e030,0x9fb80000)
  to   space 7680K, 0% used [0xa1000000,0xa1000000,0xa1780000)
 ParOldGen       total 41984K, used 12990K [0x75840000, 0x78140000, 0x9e980000)
  object space 41984K, 30% used [0x75840000,0x764ef8f0,0x78140000)
 PSPermGen       total 16384K, used 13747K [0x6d840000, 0x6e840000, 0x75840000)
  object space 16384K, 83% used [0x6d840000,0x6e5acc88,0x6e840000)
Event: 6.399 GC heap after
Heap after GC invocations=6 (full 0):
 PSYoungGen      total 39424K, used 5658K [0x9e980000, 0xa1780000, 0xb3240000)
  eden space 31744K, 0% used [0x9e980000,0x9e980000,0xa0880000)
  from space 7680K, 73% used [0xa1000000,0xa1586998,0xa1780000)
  to   space 7680K, 0% used [0xa0880000,0xa0880000,0xa1000000)
 ParOldGen       total 41984K, used 12990K [0x75840000, 0x78140000, 0x9e980000)
  object space 41984K, 30% used [0x75840000,0x764ef8f0,0x78140000)
 PSPermGen       total 16384K, used 13747K [0x6d840000, 0x6e840000, 0x75840000)
  object space 16384K, 83% used [0x6d840000,0x6e5acc88,0x6e840000)
}
Event: 7.993 GC heap before
{Heap before GC invocations=7 (full 0):
 PSYoungGen      total 39424K, used 37402K [0x9e980000, 0xa1780000, 0xb3240000)
  eden space 31744K, 100% used [0x9e980000,0xa0880000,0xa0880000)
  from space 7680K, 73% used [0xa1000000,0xa1586998,0xa1780000)
  to   space 7680K, 0% used [0xa0880000,0xa0880000,0xa1000000)
 ParOldGen       total 41984K, used 12990K [0x75840000, 0x78140000, 0x9e980000)
  object space 41984K, 30% used [0x75840000,0x764ef8f0,0x78140000)
 PSPermGen       total 17664K, used 17596K [0x6d840000, 0x6e980000, 0x75840000)
  object space 17664K, 99% used [0x6d840000,0x6e96f270,0x6e980000)
Event: 8.031 GC heap after
Heap after GC invocations=7 (full 0):
 PSYoungGen      total 39424K, used 7678K [0x9e980000, 0xa4100000, 0xb3240000)
  eden space 31744K, 0% used [0x9e980000,0x9e980000,0xa0880000)
  from space 7680K, 99% used [0xa0880000,0xa0fff910,0xa1000000)
  to   space 13056K, 0% used [0xa3440000,0xa3440000,0xa4100000)
 ParOldGen       total 41984K, used 22203K [0x75840000, 0x78140000, 0x9e980000)
  object space 41984K, 52% used [0x75840000,0x76deec08,0x78140000)
 PSPermGen       total 17664K, used 17596K [0x6d840000, 0x6e980000, 0x75840000)
  object space 17664K, 99% used [0x6d840000,0x6e96f270,0x6e980000)
}
Event: 27.682 GC heap before
{Heap before GC invocations=8 (full 0):
 PSYoungGen      total 39424K, used 39395K [0x9e980000, 0xa4100000, 0xb3240000)
  eden space 31744K, 99% used [0x9e980000,0xa08793b0,0xa0880000)
  from space 7680K, 99% used [0xa0880000,0xa0fff910,0xa1000000)
  to   space 13056K, 0% used [0xa3440000,0xa3440000,0xa4100000)
 ParOldGen       total 41984K, used 22203K [0x75840000, 0x78140000, 0x9e980000)
  object space 41984K, 52% used [0x75840000,0x76deec08,0x78140000)
 PSPermGen       total 17920K, used 17918K [0x6d840000, 0x6e9c0000, 0x75840000)
  object space 17920K, 99% used [0x6d840000,0x6e9bf920,0x6e9c0000)
Event: 27.707 GC heap after
Heap after GC invocations=8 (full 0):
 PSYoungGen      total 74496K, used 12904K [0x9e980000, 0xa4500000, 0xb3240000)
  eden space 61440K, 0% used [0x9e980000,0x9e980000,0xa2580000)
  from space 13056K, 98% used [0xa3440000,0xa40da3e8,0xa4100000)
  to   space 15104K, 0% used [0xa2580000,0xa2580000,0xa3440000)
 ParOldGen       total 41984K, used 23378K [0x75840000, 0x78140000, 0x9e980000)
  object space 41984K, 55% used [0x75840000,0x76f14838,0x78140000)
 PSPermGen       total 17920K, used 17918K [0x6d840000, 0x6e9c0000, 0x75840000)
  object space 17920K, 99% used [0x6d840000,0x6e9bf920,0x6e9c0000)
}
Event: 1942.194 GC heap before
{Heap before GC invocations=9 (full 0):
 PSYoungGen      total 74496K, used 74344K [0x9e980000, 0xa4500000, 0xb3240000)
  eden space 61440K, 100% used [0x9e980000,0xa2580000,0xa2580000)
  from space 13056K, 98% used [0xa3440000,0xa40da3e8,0xa4100000)
  to   space 15104K, 0% used [0xa2580000,0xa2580000,0xa3440000)
 ParOldGen       total 41984K, used 23378K [0x75840000, 0x78140000, 0x9e980000)
  object space 41984K, 55% used [0x75840000,0x76f14838,0x78140000)
 PSPermGen       total 20480K, used 20375K [0x6d840000, 0x6ec40000, 0x75840000)
  object space 20480K, 99% used [0x6d840000,0x6ec25c00,0x6ec40000)
Event: 1942.245 GC heap after
Heap after GC invocations=9 (full 0):
 PSYoungGen      total 76544K, used 15096K [0x9e980000, 0xa6e80000, 0xb3240000)
  eden space 61440K, 0% used [0x9e980000,0x9e980000,0xa2580000)
  from space 15104K, 99% used [0xa2580000,0xa343e0b8,0xa3440000)
  to   space 18944K, 0% used [0xa5c00000,0xa5c00000,0xa6e80000)
 ParOldGen       total 41984K, used 27525K [0x75840000, 0x78140000, 0x9e980000)
  object space 41984K, 65% used [0x75840000,0x77321700,0x78140000)
 PSPermGen       total 20480K, used 20375K [0x6d840000, 0x6ec40000, 0x75840000)
  object space 20480K, 99% used [0x6d840000,0x6ec25c00,0x6ec40000)
}

