# JRE version: OpenJDK Runtime Environment (7.0_95) (build 1.7.0_95-b00)
# Java VM: OpenJDK Server VM (24.95-b01 mixed mode linux-x86 )
Heap
 PSYoungGen      total 99584K, used 94747K [0x9ea80000, 0xa81c0000, 0xb3340000)
  eden space 90880K, 94% used [0x9ea80000,0xa3e94468,0xa4340000)
  from space 8704K, 99% used [0xa7940000,0xa81b2ad8,0xa81c0000)
  to   space 17408K, 0% used [0xa5fc0000,0xa5fc0000,0xa70c0000)
 ParOldGen       total 69888K, used 29396K [0x75940000, 0x79d80000, 0x9ea80000)
  object space 69888K, 42% used [0x75940000,0x775f53c8,0x79d80000)
 PSPermGen       total 34304K, used 19353K [0x6d940000, 0x6fac0000, 0x75940000)
  object space 34304K, 56% used [0x6d940000,0x6ec26620,0x6fac0000)
GC Heap History (10 events):
Event: 1.639 GC heap before
{Heap before GC invocations=3 (full 0):
 PSYoungGen      total 34304K, used 34289K [0x9ea80000, 0xa0e80000, 0xb3340000)
  eden space 31744K, 100% used [0x9ea80000,0xa0980000,0xa0980000)
  from space 2560K, 99% used [0xa0c00000,0xa0e7c630,0xa0e80000)
  to   space 2560K, 0% used [0xa0980000,0xa0980000,0xa0c00000)
 ParOldGen       total 41984K, used 2030K [0x75940000, 0x78240000, 0x9ea80000)
  object space 41984K, 4% used [0x75940000,0x75b3ba88,0x78240000)
 PSPermGen       total 16384K, used 11008K [0x6d940000, 0x6e940000, 0x75940000)
  object space 16384K, 67% used [0x6d940000,0x6e400388,0x6e940000)
Event: 1.657 GC heap after
Heap after GC invocations=3 (full 0):
 PSYoungGen      total 34304K, used 2544K [0x9ea80000, 0xa2d80000, 0xb3340000)
  eden space 31744K, 0% used [0x9ea80000,0x9ea80000,0xa0980000)
  from space 2560K, 99% used [0xa0980000,0xa0bfc040,0xa0c00000)
  to   space 2560K, 0% used [0xa2b00000,0xa2b00000,0xa2d80000)
 ParOldGen       total 41984K, used 7672K [0x75940000, 0x78240000, 0x9ea80000)
  object space 41984K, 18% used [0x75940000,0x760be3c0,0x78240000)
 PSPermGen       total 16384K, used 11008K [0x6d940000, 0x6e940000, 0x75940000)
  object space 16384K, 67% used [0x6d940000,0x6e400388,0x6e940000)
}
Event: 2.259 GC heap before
{Heap before GC invocations=4 (full 0):
 PSYoungGen      total 34304K, used 34288K [0x9ea80000, 0xa2d80000, 0xb3340000)
  eden space 31744K, 100% used [0x9ea80000,0xa0980000,0xa0980000)
  from space 2560K, 99% used [0xa0980000,0xa0bfc040,0xa0c00000)
  to   space 2560K, 0% used [0xa2b00000,0xa2b00000,0xa2d80000)
 ParOldGen       total 41984K, used 7672K [0x75940000, 0x78240000, 0x9ea80000)
  object space 41984K, 18% used [0x75940000,0x760be3c0,0x78240000)
 PSPermGen       total 16384K, used 12786K [0x6d940000, 0x6e940000, 0x75940000)
  object space 16384K, 78% used [0x6d940000,0x6e5bcb50,0x6e940000)
Event: 2.277 GC heap after
Heap after GC invocations=4 (full 0):
 PSYoungGen      total 66048K, used 2544K [0x9ea80000, 0xa2d80000, 0xb3340000)
  eden space 63488K, 0% used [0x9ea80000,0x9ea80000,0xa2880000)
  from space 2560K, 99% used [0xa2b00000,0xa2d7c030,0xa2d80000)
  to   space 2560K, 0% used [0xa2880000,0xa2880000,0xa2b00000)
 ParOldGen       total 41984K, used 12660K [0x75940000, 0x78240000, 0x9ea80000)
  object space 41984K, 30% used [0x75940000,0x7659d3d0,0x78240000)
 PSPermGen       total 16384K, used 12786K [0x6d940000, 0x6e940000, 0x75940000)
  object space 16384K, 78% used [0x6d940000,0x6e5bcb50,0x6e940000)
}
Event: 15.965 GC heap before
{Heap before GC invocations=5 (full 0):
 PSYoungGen      total 66048K, used 66032K [0x9ea80000, 0xa2d80000, 0xb3340000)
  eden space 63488K, 100% used [0x9ea80000,0xa2880000,0xa2880000)
  from space 2560K, 99% used [0xa2b00000,0xa2d7c030,0xa2d80000)
  to   space 2560K, 0% used [0xa2880000,0xa2880000,0xa2b00000)
 ParOldGen       total 41984K, used 12660K [0x75940000, 0x78240000, 0x9ea80000)
  object space 41984K, 30% used [0x75940000,0x7659d3d0,0x78240000)
 PSPermGen       total 17152K, used 17072K [0x6d940000, 0x6ea00000, 0x75940000)
  object space 17152K, 99% used [0x6d940000,0x6e9ec130,0x6ea00000)
Event: 16.011 GC heap after
Heap after GC invocations=5 (full 0):
 PSYoungGen      total 66048K, used 2544K [0x9ea80000, 0xa8c00000, 0xb3340000)
  eden space 63488K, 0% used [0x9ea80000,0x9ea80000,0xa2880000)
  from space 2560K, 99% used [0xa2880000,0xa2afc010,0xa2b00000)
  to   space 19200K, 0% used [0xa7940000,0xa7940000,0xa8c00000)
 ParOldGen       total 41984K, used 30830K [0x75940000, 0x78240000, 0x9ea80000)
  object space 41984K, 73% used [0x75940000,0x7775b878,0x78240000)
 PSPermGen       total 17152K, used 17072K [0x6d940000, 0x6ea00000, 0x75940000)
  object space 17152K, 99% used [0x6d940000,0x6e9ec130,0x6ea00000)
}
Event: 16.011 GC heap before
{Heap before GC invocations=6 (full 1):
 PSYoungGen      total 66048K, used 2544K [0x9ea80000, 0xa8c00000, 0xb3340000)
  eden space 63488K, 0% used [0x9ea80000,0x9ea80000,0xa2880000)
  from space 2560K, 99% used [0xa2880000,0xa2afc010,0xa2b00000)
  to   space 19200K, 0% used [0xa7940000,0xa7940000,0xa8c00000)
 ParOldGen       total 41984K, used 30830K [0x75940000, 0x78240000, 0x9ea80000)
  object space 41984K, 73% used [0x75940000,0x7775b878,0x78240000)
 PSPermGen       total 17152K, used 17072K [0x6d940000, 0x6ea00000, 0x75940000)
  object space 17152K, 99% used [0x6d940000,0x6e9ec130,0x6ea00000)
Event: 16.282 GC heap after
Heap after GC invocations=6 (full 1):
 PSYoungGen      total 66048K, used 0K [0x9ea80000, 0xa8c00000, 0xb3340000)
  eden space 63488K, 0% used [0x9ea80000,0x9ea80000,0xa2880000)
  from space 2560K, 0% used [0xa2880000,0xa2880000,0xa2b00000)
  to   space 19200K, 0% used [0xa7940000,0xa7940000,0xa8c00000)
 ParOldGen       total 69888K, used 29396K [0x75940000, 0x79d80000, 0x9ea80000)
  object space 69888K, 42% used [0x75940000,0x775f53c8,0x79d80000)
 PSPermGen       total 34304K, used 17067K [0x6d940000, 0x6fac0000, 0x75940000)
  object space 34304K, 49% used [0x6d940000,0x6e9eacf8,0x6fac0000)
}
Event: 1715.543 GC heap before
{Heap before GC invocations=7 (full 1):
 PSYoungGen      total 66048K, used 63488K [0x9ea80000, 0xa8c00000, 0xb3340000)
  eden space 63488K, 100% used [0x9ea80000,0xa2880000,0xa2880000)
  from space 2560K, 0% used [0xa2880000,0xa2880000,0xa2b00000)
  to   space 19200K, 0% used [0xa7940000,0xa7940000,0xa8c00000)
 ParOldGen       total 69888K, used 29396K [0x75940000, 0x79d80000, 0x9ea80000)
  object space 69888K, 42% used [0x75940000,0x775f53c8,0x79d80000)
 PSPermGen       total 34304K, used 19194K [0x6d940000, 0x6fac0000, 0x75940000)
  object space 34304K, 55% used [0x6d940000,0x6ebfe9f0,0x6fac0000)
Event: 1715.572 GC heap after
Heap after GC invocations=7 (full 1):
 PSYoungGen      total 99584K, used 8650K [0x9ea80000, 0xa81c0000, 0xb3340000)
  eden space 90880K, 0% used [0x9ea80000,0x9ea80000,0xa4340000)
  from space 8704K, 99% used [0xa7940000,0xa81b2ad8,0xa81c0000)
  to   space 17408K, 0% used [0xa5fc0000,0xa5fc0000,0xa70c0000)
 ParOldGen       total 69888K, used 29396K [0x75940000, 0x79d80000, 0x9ea80000)
  object space 69888K, 42% used [0x75940000,0x775f53c8,0x79d80000)
 PSPermGen       total 34304K, used 19194K [0x6d940000, 0x6fac0000, 0x75940000)
  object space 34304K, 55% used [0x6d940000,0x6ebfe9f0,0x6fac0000)
}

